# Logfile created on 2019-08-24 17:51:56 +0300 by logger.rb/61378
I, [2019-08-24T17:52:05.509710 #39552]  INFO -- : mamom=kukun
I, [2019-08-24T18:20:25.788589 #4428]  INFO -- : {:method=>"GET"}
I, [2019-08-24T18:37:26.391308 #44905]  INFO -- : {:method=>"GET", :path=>"/tests/147", :contoller=>"TestsController"}
I, [2019-08-24T18:51:13.017186 #77329]  INFO -- : {:method=>nil, :url=>nil, :path=>nil, :query=>nil, :params=>{"mamom"=>"kukun"}, :controller=>"TestsController", :action=>"show"}
I, [2019-08-24T18:53:13.818661 #82017]  INFO -- : {:method=>"GET", :url=>"/tests/147?mamom=kukun", :path=>"/tests/147", :query=>"mamom=kukun", :params=>{"mamom"=>"kukun"}, :controller=>"TestsController", :action=>"show"}
I, [2019-08-24T19:53:37.186666 #25729]  INFO -- : {:Request=>"GET //tests/147?mamom=kukun?mamom=kukun", :Handler=>"TestsController#show", :Parameters=>"{\"mamom\"=>\"kukun\"}"}
I, [2019-08-24T19:58:07.755394 #36432]  INFO -- : Parameters: {"mamom"=>"kukun"}

I, [2019-08-24T19:59:34.353962 #39946]  INFO -- : Parameters: {"mamom"=>"kukun"}

I, [2019-08-24T20:00:25.310617 #42000]  INFO -- : Request: GET /tests/147?mamom=kukun

    Handler: TestsController#show

    Parameters: {"mamom"=>"kukun"}

I, [2019-08-24T20:01:31.635200 #44465]  INFO -- : Request: GET /tests/147?mamom=kukun
    Handler: TestsController#show
    Parameters: {"mamom"=>"kukun"}
I, [2019-08-24T20:02:13.735002 #46109]  INFO -- : 
Request: GET /tests/147?mamom=kukun
    Handler: TestsController#show
    Parameters: {"mamom"=>"kukun"}
I, [2019-08-24T20:02:51.041815 #47549]  INFO -- : 
Request: GET /tests/147?mamom=kukun
Handler: TestsController#show
Parameters: {"mamom"=>"kukun"}
I, [2019-08-24T20:08:40.831393 #61278]  INFO -- : 
Request: GET /tests/147?mamom=kukun
Handler: TestsController#show
Parameters: {"mamom"=>"kukun"}
Response: .html.erb
I, [2019-08-24T20:09:57.114088 #64339]  INFO -- : 
Request: GET /tests/147?mamom=kukun
Handler: TestsController#show
Parameters: {"mamom"=>"kukun"}
Response: .html.erb
I, [2019-08-24T20:34:38.735748 #23528]  INFO -- : 
Request: GET /tests/147?mamom=kukun
Handler: TestsController#show
Parameters: {"mamom"=>"kukun"}

I, [2019-08-24T20:35:20.026580 #25059]  INFO -- : 
Request: GET /tests/147?mamom=kukun
Handler: TestsController#show
Parameters: {"mamom"=>"kukun"}
Response: .html.erb
I, [2019-08-24T20:36:34.797673 #27990]  INFO -- : 
Request: GET /tests/147?mamom=kukun
Handler: TestsController#show
Parameters: {"mamom"=>"kukun"}
Response: .html.erb
I, [2019-08-24T20:44:31.872117 #46876]  INFO -- : 
Request: GET /tests/147?mamom=kukun
Handler: TestsController#show
Parameters: {"mamom"=>"kukun"}
Response: /Volumes/MacintoshHD/thinknetica/simpler/app/views/tests/show.html.erb.html.erb
I, [2019-08-24T20:57:39.757013 #77729]  INFO -- : 
Request: GET /tests/147?mamom=kukun
Handler: TestsController#show
Parameters: {"mamom"=>"kukun"}
Response: tests/show.html.erb.html.erb
I, [2019-08-24T21:01:01.080671 #85483]  INFO -- : 
Request: GET /tests/147?mamom=kukun
Handler: TestsController#show
Parameters: {"mamom"=>"kukun"}
Response: 200 {"Content-Type"=>"text/html", "Content-Length"=>"184"} tests/show.html.erb
I, [2019-08-24T21:02:26.892038 #88892]  INFO -- : 
Request: GET /tests/147?mamom=kukun
Handler: TestsController#show
Parameters: {"mamom"=>"kukun"}
Response: 200 [text/html] tests/show.html.erb
I, [2019-08-25T08:57:48.450418 #23349]  INFO -- : 
Request: GET /tests
Handler: TestsController#index
Parameters: {}
Response: 200 [text/plain] tests/index.html.erb
I, [2019-08-25T09:16:35.955544 #72848]  INFO -- : 
Request: GET /tests
Handler: TestsController#index
Parameters: {}
Response: 200 [text/plain] .html.erb
I, [2019-08-25T09:19:00.370766 #78070]  INFO -- : 
Request: GET /tests
Handler: TestsController#index
Parameters: {}
Response: 200 [text/plain] 
I, [2019-08-25T09:19:33.279814 #78070]  INFO -- : 
Request: GET /tests?egor=ku
Handler: TestsController#index
Parameters: {"egor"=>"ku"}
Response: 200 [text/plain] 
I, [2019-08-25T09:21:12.454639 #78070]  INFO -- : 
Request: GET /tests
Handler: TestsController#index
Parameters: {}
Response: 200 [text/plain] 
I, [2019-08-25T09:21:23.424799 #78070]  INFO -- : 
Request: GET /tests?one=1
Handler: TestsController#index
Parameters: {"one"=>"1"}
Response: 200 [text/plain] 
I, [2019-08-25T09:21:59.073364 #78070]  INFO -- : 
Request: GET /tests/123?two=2
Handler: TestsController#show
Parameters: {"two"=>"2"}
Response: 200 [text/html] .html.erb
I, [2019-08-25T09:23:24.687283 #78070]  INFO -- : 
Request: GET /tests/123
Handler: TestsController#show
Parameters: {}
Response: 200 [text/html] .html.erb
I, [2019-08-25T09:35:46.744013 #17367]  INFO -- : 
Request: GET /tests/345?egor=ku
Handler: TestsController#show
Parameters: {"egor"=>"ku"}
Response: 200 [text/html] .html.erb
I, [2019-08-25T09:36:27.437454 #19595]  INFO -- : 
Request: GET /tests/345?egor=ku
Handler: TestsController#show
Parameters: {"egor"=>"ku"}
Response: 200 [text/html] .html.erb
I, [2019-08-25T09:40:08.307418 #28200]  INFO -- : 
Request: GET /tests/345?egor=ku
Handler: TestsController#show
Parameters: {"egor"=>"ku"}
Response: 200 [text/html] .html.erb
I, [2019-08-25T09:47:06.573763 #44689]  INFO -- : 
Request: GET /tests/345?egor=ku
Handler: TestsController#show
Parameters: {"egor"=>"ku"}
Response: 200 [text/html] .html.erb
I, [2019-08-25T09:52:37.826787 #57847]  INFO -- : 
Request: GET /tests/345?egor=ku
Handler: TestsController#show
Parameters: {"egor"=>"ku"}
Response: 200 [text/html] tests/show.html.erb
I, [2019-08-25T09:53:03.671964 #57847]  INFO -- : 
Request: GET /tests?egor=ku
Handler: TestsController#index
Parameters: {"egor"=>"ku"}
Response: 200 [text/plain] 
I, [2019-08-25T09:57:08.657481 #68256]  INFO -- : 
Request: GET /tests/258?egor=ku
Handler: TestsController#show
Parameters: {"egor"=>"ku"}
Response: 200 [text/html] tests/show.html.erb
I, [2019-08-25T09:58:11.657874 #71202]  INFO -- : 
Request: GET /tests/258?egor=ku
Handler: TestsController#show
Parameters: {"egor"=>"ku"}
Response: 200 [text/html] tests/show.html.erb
I, [2019-08-25T09:59:11.201687 #73260]  INFO -- : 
Request: GET /tests/258?egor=ku
Handler: TestsController#show
Parameters: {"egor"=>"ku"}
Response: 200 [text/html] tests/show.html.erb
I, [2019-08-25T10:12:50.457440 #5748]  INFO -- : 
Request: GET /tests/258?egor=ku
Handler: TestsController#show
Parameters: {"egor"=>"ku"}
Response: 200 [text/html] tests/show.html.erb
I, [2019-08-25T10:16:12.035450 #13690]  INFO -- : 
Request: GET /tests/258?egor=ku
Handler: TestsController#show
Parameters: {"egor"=>"ku"}
Response: 200 [text/html] tests/show.html.erb
I, [2019-08-25T10:22:51.683497 #29318]  INFO -- : 
Request: GET /tests/258?egor=ku
Handler: TestsController#show
Parameters: {"egor"=>"ku", :id=>258}
Response: 200 [text/html] tests/show.html.erb
I, [2019-08-25T10:37:04.078002 #63112]  INFO -- : 
Request: GET /tests/258?egor=ku
Handler: TestsController#show
Parameters: {"egor"=>"ku", :id=>258}
Response: 200 [text/html] tests/show.html.erb
I, [2019-08-25T10:42:44.372056 #76471]  INFO -- : 
Request: GET /tests/258?egor=ku
Handler: TestsController#show
Parameters: {"egor"=>"ku"}
Response: 200 [text/html] tests/show.html.erb
I, [2019-08-25T10:46:37.007421 #85649]  INFO -- : 
Request: GET /tests/258?egor=ku
Handler: TestsController#show
Parameters: {"egor"=>"ku"}
Response: 200 [text/html] tests/show.html.erb
I, [2019-08-25T10:49:42.122776 #85649]  INFO -- : 
Request: GET /tests?egor=ku
Handler: TestsController#index
Parameters: {"egor"=>"ku"}
Response: 200 [text/plain] 
